#! /opt/homebrew/Cellar/icarus-verilog/12.0/bin/vvp
:ivl_version "12.0 (stable)";
:ivl_delay_selection "TYPICAL";
:vpi_time_precision - 12;
:vpi_module "/opt/homebrew/Cellar/icarus-verilog/12.0/lib/ivl/system.vpi";
:vpi_module "/opt/homebrew/Cellar/icarus-verilog/12.0/lib/ivl/vhdl_sys.vpi";
:vpi_module "/opt/homebrew/Cellar/icarus-verilog/12.0/lib/ivl/vhdl_textio.vpi";
:vpi_module "/opt/homebrew/Cellar/icarus-verilog/12.0/lib/ivl/v2005_math.vpi";
:vpi_module "/opt/homebrew/Cellar/icarus-verilog/12.0/lib/ivl/va_math.vpi";
:vpi_module "/opt/homebrew/Cellar/icarus-verilog/12.0/lib/ivl/v2009.vpi";
S_0x13fe0a540 .scope package, "$unit" "$unit" 2 1;
 .timescale 0 0;
S_0x13fe13cd0 .scope module, "uart_tb" "uart_tb" 3 2;
 .timescale -9 -12;
v0x13fe3fd70_0 .net "busy_tb", 0 0, v0x13fe3e2a0_0;  1 drivers
v0x13fe3fe00_0 .var "clk_tb", 0 0;
v0x13fe3fea0_0 .var "rst_tb", 0 0;
v0x13fe3ff30_0 .net "rx_data_tb", 7 0, v0x13fe3f150_0;  1 drivers
v0x13fe40000_0 .net "rx_done_tb", 0 0, v0x13fe3f1f0_0;  1 drivers
v0x13fe40110_0 .var "tx_data_tb", 7 0;
v0x13fe401e0_0 .net "tx_done_tb", 0 0, v0x13fe3e800_0;  1 drivers
v0x13fe402b0_0 .var "tx_start_tb", 0 0;
E_0x13fe07f80 .event posedge, v0x13fe3f1f0_0;
E_0x13fe068a0 .event negedge, v0x13fe3e2a0_0;
E_0x13fe07000 .event posedge, v0x13fe3d2f0_0;
S_0x13fe13e40 .scope module, "DUT" "uart" 3 13, 4 2 0, S_0x13fe13cd0;
 .timescale -9 -12;
    .port_info 0 /INPUT 1 "clk";
    .port_info 1 /INPUT 1 "rst";
    .port_info 2 /INPUT 1 "tx_start";
    .port_info 3 /INPUT 8 "tx_data";
    .port_info 4 /OUTPUT 1 "busy";
    .port_info 5 /OUTPUT 1 "tx_done";
    .port_info 6 /OUTPUT 1 "rx_done";
    .port_info 7 /OUTPUT 8 "rx_data";
v0x13fe3f500_0 .net "busy", 0 0, v0x13fe3e2a0_0;  alias, 1 drivers
v0x13fe3f590_0 .net "clk", 0 0, v0x13fe3fe00_0;  1 drivers
v0x13fe3f6a0_0 .net "rst", 0 0, v0x13fe3fea0_0;  1 drivers
v0x13fe3f7b0_0 .net "rx_baud_tick", 0 0, v0x13fe3d9e0_0;  1 drivers
v0x13fe3f840_0 .net "rx_data", 7 0, v0x13fe3f150_0;  alias, 1 drivers
v0x13fe3f8d0_0 .net "rx_done", 0 0, v0x13fe3f1f0_0;  alias, 1 drivers
v0x13fe3f960_0 .net "tx", 0 0, v0x13fe3e650_0;  1 drivers
v0x13fe3fa30_0 .net "tx_baud_tick", 0 0, v0x13fe2c420_0;  1 drivers
v0x13fe3fb00_0 .net "tx_data", 7 0, v0x13fe40110_0;  1 drivers
v0x13fe3fc10_0 .net "tx_done", 0 0, v0x13fe3e800_0;  alias, 1 drivers
v0x13fe3fca0_0 .net "tx_start", 0 0, v0x13fe402b0_0;  1 drivers
S_0x13fe2efe0 .scope module, "UUT1" "baud_gen" 4 22, 5 6 0, S_0x13fe13e40;
 .timescale -9 -12;
    .port_info 0 /INPUT 1 "clk";
    .port_info 1 /INPUT 1 "rst";
    .port_info 2 /OUTPUT 1 "baud_tick";
P_0x13fe2dc30 .param/l "BAUD_RATE" 0 5 8, +C4<00000000000000011100001000000000>;
P_0x13fe2dc70 .param/l "CLK_FREQ" 0 5 7, +C4<00000010111110101111000010000000>;
P_0x13fe2dcb0 .param/l "DIV" 1 5 18, +C4<00000000000000000000000110110010>;
P_0x13fe2dcf0 .param/l "OVERSAMPLE" 0 5 9, +C4<00000000000000000000000000000001>;
v0x13fe2c420_0 .var "baud_tick", 0 0;
v0x13fe3d2f0_0 .net "clk", 0 0, v0x13fe3fe00_0;  alias, 1 drivers
v0x13fe3d390_0 .var "counter", 8 0;
v0x13fe3d420_0 .net "rst", 0 0, v0x13fe3fea0_0;  alias, 1 drivers
E_0x13fe14a90 .event posedge, v0x13fe3d420_0, v0x13fe3d2f0_0;
S_0x13fe3d4c0 .scope module, "UUT2" "baud_gen" 4 32, 5 6 0, S_0x13fe13e40;
 .timescale -9 -12;
    .port_info 0 /INPUT 1 "clk";
    .port_info 1 /INPUT 1 "rst";
    .port_info 2 /OUTPUT 1 "baud_tick";
P_0x13fe3d690 .param/l "BAUD_RATE" 0 5 8, +C4<00000000000000011100001000000000>;
P_0x13fe3d6d0 .param/l "CLK_FREQ" 0 5 7, +C4<00000010111110101111000010000000>;
P_0x13fe3d710 .param/l "DIV" 1 5 18, +C4<00000000000000000000000000011011>;
P_0x13fe3d750 .param/l "OVERSAMPLE" 0 5 9, +C4<00000000000000000000000000010000>;
v0x13fe3d9e0_0 .var "baud_tick", 0 0;
v0x13fe3da80_0 .net "clk", 0 0, v0x13fe3fe00_0;  alias, 1 drivers
v0x13fe3db20_0 .var "counter", 4 0;
v0x13fe3dbb0_0 .net "rst", 0 0, v0x13fe3fea0_0;  alias, 1 drivers
S_0x13fe3dc50 .scope module, "UUT3" "tx" 4 38, 6 3 0, S_0x13fe13e40;
 .timescale -9 -12;
    .port_info 0 /INPUT 1 "clk";
    .port_info 1 /INPUT 1 "rst";
    .port_info 2 /INPUT 1 "baud_tick";
    .port_info 3 /INPUT 1 "tx_start";
    .port_info 4 /INPUT 8 "tx_data";
    .port_info 5 /OUTPUT 1 "tx";
    .port_info 6 /OUTPUT 1 "tx_done";
    .port_info 7 /OUTPUT 1 "busy";
P_0x13fe3de10 .param/l "DATA" 1 6 18, C4<10>;
P_0x13fe3de50 .param/l "IDLE" 1 6 16, C4<00>;
P_0x13fe3de90 .param/l "START" 1 6 17, C4<01>;
P_0x13fe3ded0 .param/l "STOP" 1 6 19, C4<11>;
v0x13fe3e150_0 .net "baud_tick", 0 0, v0x13fe2c420_0;  alias, 1 drivers
v0x13fe3e200_0 .var "bit_index", 2 0;
v0x13fe3e2a0_0 .var "busy", 0 0;
v0x13fe3e350_0 .net "clk", 0 0, v0x13fe3fe00_0;  alias, 1 drivers
v0x13fe3e420_0 .net "rst", 0 0, v0x13fe3fea0_0;  alias, 1 drivers
v0x13fe3e530_0 .var "shift_reg", 7 0;
v0x13fe3e5c0_0 .var "state", 1 0;
v0x13fe3e650_0 .var "tx", 0 0;
v0x13fe3e6f0_0 .net "tx_data", 7 0, v0x13fe40110_0;  alias, 1 drivers
v0x13fe3e800_0 .var "tx_done", 0 0;
v0x13fe3e8a0_0 .net "tx_start", 0 0, v0x13fe402b0_0;  alias, 1 drivers
S_0x13fe3e9c0 .scope module, "UUT4" "rx" 4 49, 7 3 0, S_0x13fe13e40;
 .timescale -9 -12;
    .port_info 0 /INPUT 1 "clk";
    .port_info 1 /INPUT 1 "rst";
    .port_info 2 /INPUT 1 "baud_tick";
    .port_info 3 /INPUT 1 "rx";
    .port_info 4 /OUTPUT 1 "rx_done";
    .port_info 5 /OUTPUT 8 "rx_data";
enum0x13fe1bf10 .enum4 (2)
   "IDLE" 2'b00,
   "START" 2'b01,
   "DATA" 2'b10,
   "STOP" 2'b11
 ;
v0x13fe3ec90_0 .net "baud_tick", 0 0, v0x13fe3d9e0_0;  alias, 1 drivers
v0x13fe3ed50_0 .var "bit_index", 2 0;
v0x13fe3edf0_0 .net "clk", 0 0, v0x13fe3fe00_0;  alias, 1 drivers
v0x13fe3eea0_0 .var "current_state", 1 0;
v0x13fe3ef40_0 .var "next_state", 1 0;
v0x13fe3f030_0 .net "rst", 0 0, v0x13fe3fea0_0;  alias, 1 drivers
v0x13fe3f0c0_0 .net "rx", 0 0, v0x13fe3e650_0;  alias, 1 drivers
v0x13fe3f150_0 .var "rx_data", 7 0;
v0x13fe3f1f0_0 .var "rx_done", 0 0;
v0x13fe3f310_0 .var "sample_count", 3 0;
v0x13fe3f3c0_0 .var "shift_reg", 7 0;
E_0x13fe3e050/0 .event anyedge, v0x13fe3eea0_0, v0x13fe3e650_0, v0x13fe3d9e0_0, v0x13fe3f310_0;
E_0x13fe3e050/1 .event anyedge, v0x13fe3ed50_0;
E_0x13fe3e050 .event/or E_0x13fe3e050/0, E_0x13fe3e050/1;
    .scope S_0x13fe2efe0;
T_0 ;
    %wait E_0x13fe14a90;
    %load/vec4 v0x13fe3d420_0;
    %flag_set/vec4 8;
    %jmp/0xz  T_0.0, 8;
    %pushi/vec4 0, 0, 9;
    %assign/vec4 v0x13fe3d390_0, 0;
    %pushi/vec4 0, 0, 1;
    %assign/vec4 v0x13fe2c420_0, 0;
    %jmp T_0.1;
T_0.0 ;
    %load/vec4 v0x13fe3d390_0;
    %pad/u 32;
    %cmpi/e 433, 0, 32;
    %jmp/0xz  T_0.2, 4;
    %pushi/vec4 0, 0, 9;
    %assign/vec4 v0x13fe3d390_0, 0;
    %pushi/vec4 1, 0, 1;
    %assign/vec4 v0x13fe2c420_0, 0;
    %jmp T_0.3;
T_0.2 ;
    %load/vec4 v0x13fe3d390_0;
    %addi 1, 0, 9;
    %assign/vec4 v0x13fe3d390_0, 0;
    %pushi/vec4 0, 0, 1;
    %assign/vec4 v0x13fe2c420_0, 0;
T_0.3 ;
T_0.1 ;
    %jmp T_0;
    .thread T_0;
    .scope S_0x13fe3d4c0;
T_1 ;
    %wait E_0x13fe14a90;
    %load/vec4 v0x13fe3dbb0_0;
    %flag_set/vec4 8;
    %jmp/0xz  T_1.0, 8;
    %pushi/vec4 0, 0, 5;
    %assign/vec4 v0x13fe3db20_0, 0;
    %pushi/vec4 0, 0, 1;
    %assign/vec4 v0x13fe3d9e0_0, 0;
    %jmp T_1.1;
T_1.0 ;
    %load/vec4 v0x13fe3db20_0;
    %pad/u 32;
    %cmpi/e 26, 0, 32;
    %jmp/0xz  T_1.2, 4;
    %pushi/vec4 0, 0, 5;
    %assign/vec4 v0x13fe3db20_0, 0;
    %pushi/vec4 1, 0, 1;
    %assign/vec4 v0x13fe3d9e0_0, 0;
    %jmp T_1.3;
T_1.2 ;
    %load/vec4 v0x13fe3db20_0;
    %addi 1, 0, 5;
    %assign/vec4 v0x13fe3db20_0, 0;
    %pushi/vec4 0, 0, 1;
    %assign/vec4 v0x13fe3d9e0_0, 0;
T_1.3 ;
T_1.1 ;
    %jmp T_1;
    .thread T_1;
    .scope S_0x13fe3dc50;
T_2 ;
    %wait E_0x13fe14a90;
    %load/vec4 v0x13fe3e420_0;
    %flag_set/vec4 8;
    %jmp/0xz  T_2.0, 8;
    %pushi/vec4 0, 0, 2;
    %assign/vec4 v0x13fe3e5c0_0, 0;
    %pushi/vec4 1, 0, 1;
    %assign/vec4 v0x13fe3e650_0, 0;
    %pushi/vec4 0, 0, 1;
    %assign/vec4 v0x13fe3e800_0, 0;
    %pushi/vec4 0, 0, 1;
    %assign/vec4 v0x13fe3e2a0_0, 0;
    %pushi/vec4 0, 0, 8;
    %assign/vec4 v0x13fe3e530_0, 0;
    %pushi/vec4 0, 0, 3;
    %assign/vec4 v0x13fe3e200_0, 0;
    %jmp T_2.1;
T_2.0 ;
    %pushi/vec4 0, 0, 1;
    %assign/vec4 v0x13fe3e800_0, 0;
    %load/vec4 v0x13fe3e5c0_0;
    %dup/vec4;
    %pushi/vec4 0, 0, 2;
    %cmp/u;
    %jmp/1 T_2.2, 6;
    %dup/vec4;
    %pushi/vec4 1, 0, 2;
    %cmp/u;
    %jmp/1 T_2.3, 6;
    %dup/vec4;
    %pushi/vec4 2, 0, 2;
    %cmp/u;
    %jmp/1 T_2.4, 6;
    %dup/vec4;
    %pushi/vec4 3, 0, 2;
    %cmp/u;
    %jmp/1 T_2.5, 6;
    %pushi/vec4 0, 0, 2;
    %assign/vec4 v0x13fe3e5c0_0, 0;
    %jmp T_2.7;
T_2.2 ;
    %pushi/vec4 1, 0, 1;
    %assign/vec4 v0x13fe3e650_0, 0;
    %pushi/vec4 0, 0, 1;
    %assign/vec4 v0x13fe3e2a0_0, 0;
    %load/vec4 v0x13fe3e8a0_0;
    %flag_set/vec4 8;
    %jmp/0xz  T_2.8, 8;
    %load/vec4 v0x13fe3e6f0_0;
    %assign/vec4 v0x13fe3e530_0, 0;
    %pushi/vec4 0, 0, 3;
    %assign/vec4 v0x13fe3e200_0, 0;
    %pushi/vec4 1, 0, 1;
    %assign/vec4 v0x13fe3e2a0_0, 0;
    %pushi/vec4 1, 0, 2;
    %assign/vec4 v0x13fe3e5c0_0, 0;
T_2.8 ;
    %jmp T_2.7;
T_2.3 ;
    %pushi/vec4 0, 0, 1;
    %assign/vec4 v0x13fe3e650_0, 0;
    %load/vec4 v0x13fe3e150_0;
    %flag_set/vec4 8;
    %jmp/0xz  T_2.10, 8;
    %pushi/vec4 2, 0, 2;
    %assign/vec4 v0x13fe3e5c0_0, 0;
T_2.10 ;
    %jmp T_2.7;
T_2.4 ;
    %load/vec4 v0x13fe3e530_0;
    %load/vec4 v0x13fe3e200_0;
    %part/u 1;
    %assign/vec4 v0x13fe3e650_0, 0;
    %load/vec4 v0x13fe3e150_0;
    %flag_set/vec4 8;
    %jmp/0xz  T_2.12, 8;
    %load/vec4 v0x13fe3e200_0;
    %cmpi/e 7, 0, 3;
    %jmp/0xz  T_2.14, 4;
    %pushi/vec4 3, 0, 2;
    %assign/vec4 v0x13fe3e5c0_0, 0;
    %jmp T_2.15;
T_2.14 ;
    %load/vec4 v0x13fe3e200_0;
    %addi 1, 0, 3;
    %assign/vec4 v0x13fe3e200_0, 0;
T_2.15 ;
T_2.12 ;
    %jmp T_2.7;
T_2.5 ;
    %pushi/vec4 1, 0, 1;
    %assign/vec4 v0x13fe3e650_0, 0;
    %load/vec4 v0x13fe3e150_0;
    %flag_set/vec4 8;
    %jmp/0xz  T_2.16, 8;
    %pushi/vec4 1, 0, 1;
    %assign/vec4 v0x13fe3e800_0, 0;
    %pushi/vec4 0, 0, 1;
    %assign/vec4 v0x13fe3e2a0_0, 0;
    %pushi/vec4 0, 0, 2;
    %assign/vec4 v0x13fe3e5c0_0, 0;
T_2.16 ;
    %jmp T_2.7;
T_2.7 ;
    %pop/vec4 1;
T_2.1 ;
    %jmp T_2;
    .thread T_2;
    .scope S_0x13fe3e9c0;
T_3 ;
    %wait E_0x13fe14a90;
    %load/vec4 v0x13fe3f030_0;
    %flag_set/vec4 8;
    %jmp/0xz  T_3.0, 8;
    %pushi/vec4 0, 0, 2;
    %assign/vec4 v0x13fe3eea0_0, 0;
    %jmp T_3.1;
T_3.0 ;
    %load/vec4 v0x13fe3ef40_0;
    %assign/vec4 v0x13fe3eea0_0, 0;
T_3.1 ;
    %jmp T_3;
    .thread T_3;
    .scope S_0x13fe3e9c0;
T_4 ;
    %wait E_0x13fe3e050;
    %load/vec4 v0x13fe3eea0_0;
    %store/vec4 v0x13fe3ef40_0, 0, 2;
    %load/vec4 v0x13fe3eea0_0;
    %dup/vec4;
    %pushi/vec4 0, 0, 2;
    %cmp/u;
    %jmp/1 T_4.0, 6;
    %dup/vec4;
    %pushi/vec4 1, 0, 2;
    %cmp/u;
    %jmp/1 T_4.1, 6;
    %dup/vec4;
    %pushi/vec4 2, 0, 2;
    %cmp/u;
    %jmp/1 T_4.2, 6;
    %dup/vec4;
    %pushi/vec4 3, 0, 2;
    %cmp/u;
    %jmp/1 T_4.3, 6;
    %pushi/vec4 0, 0, 2;
    %store/vec4 v0x13fe3ef40_0, 0, 2;
    %jmp T_4.5;
T_4.0 ;
    %load/vec4 v0x13fe3f0c0_0;
    %cmpi/e 0, 0, 1;
    %jmp/0xz  T_4.6, 4;
    %pushi/vec4 1, 0, 2;
    %store/vec4 v0x13fe3ef40_0, 0, 2;
T_4.6 ;
    %jmp T_4.5;
T_4.1 ;
    %load/vec4 v0x13fe3ec90_0;
    %flag_set/vec4 9;
    %flag_get/vec4 9;
    %jmp/0 T_4.10, 9;
    %load/vec4 v0x13fe3f310_0;
    %pad/u 32;
    %pushi/vec4 7, 0, 32;
    %cmp/e;
    %flag_get/vec4 4;
    %and;
T_4.10;
    %flag_set/vec4 8;
    %jmp/0xz  T_4.8, 8;
    %load/vec4 v0x13fe3f0c0_0;
    %pad/u 32;
    %cmpi/e 0, 0, 32;
    %jmp/0xz  T_4.11, 4;
    %pushi/vec4 2, 0, 2;
    %store/vec4 v0x13fe3ef40_0, 0, 2;
    %jmp T_4.12;
T_4.11 ;
    %pushi/vec4 0, 0, 2;
    %store/vec4 v0x13fe3ef40_0, 0, 2;
T_4.12 ;
T_4.8 ;
    %jmp T_4.5;
T_4.2 ;
    %load/vec4 v0x13fe3ec90_0;
    %flag_set/vec4 10;
    %flag_get/vec4 10;
    %jmp/0 T_4.16, 10;
    %load/vec4 v0x13fe3f310_0;
    %pad/u 32;
    %pushi/vec4 15, 0, 32;
    %cmp/e;
    %flag_get/vec4 4;
    %and;
T_4.16;
    %flag_set/vec4 9;
    %flag_get/vec4 9;
    %jmp/0 T_4.15, 9;
    %load/vec4 v0x13fe3ed50_0;
    %pushi/vec4 7, 0, 3;
    %cmp/e;
    %flag_get/vec4 4;
    %and;
T_4.15;
    %flag_set/vec4 8;
    %jmp/0xz  T_4.13, 8;
    %pushi/vec4 3, 0, 2;
    %store/vec4 v0x13fe3ef40_0, 0, 2;
T_4.13 ;
    %jmp T_4.5;
T_4.3 ;
    %load/vec4 v0x13fe3ec90_0;
    %flag_set/vec4 9;
    %flag_get/vec4 9;
    %jmp/0 T_4.19, 9;
    %load/vec4 v0x13fe3f310_0;
    %pad/u 32;
    %pushi/vec4 15, 0, 32;
    %cmp/e;
    %flag_get/vec4 4;
    %and;
T_4.19;
    %flag_set/vec4 8;
    %jmp/0xz  T_4.17, 8;
    %pushi/vec4 0, 0, 2;
    %store/vec4 v0x13fe3ef40_0, 0, 2;
T_4.17 ;
    %jmp T_4.5;
T_4.5 ;
    %pop/vec4 1;
    %jmp T_4;
    .thread T_4, $push;
    .scope S_0x13fe3e9c0;
T_5 ;
    %wait E_0x13fe14a90;
    %load/vec4 v0x13fe3f030_0;
    %flag_set/vec4 8;
    %jmp/0xz  T_5.0, 8;
    %pushi/vec4 0, 0, 3;
    %assign/vec4 v0x13fe3ed50_0, 0;
    %pushi/vec4 0, 0, 8;
    %assign/vec4 v0x13fe3f3c0_0, 0;
    %pushi/vec4 0, 0, 8;
    %assign/vec4 v0x13fe3f150_0, 0;
    %pushi/vec4 0, 0, 1;
    %assign/vec4 v0x13fe3f1f0_0, 0;
    %pushi/vec4 0, 0, 4;
    %assign/vec4 v0x13fe3f310_0, 0;
    %jmp T_5.1;
T_5.0 ;
    %pushi/vec4 0, 0, 1;
    %assign/vec4 v0x13fe3f1f0_0, 0;
    %load/vec4 v0x13fe3eea0_0;
    %dup/vec4;
    %pushi/vec4 0, 0, 2;
    %cmp/u;
    %jmp/1 T_5.2, 6;
    %dup/vec4;
    %pushi/vec4 1, 0, 2;
    %cmp/u;
    %jmp/1 T_5.3, 6;
    %dup/vec4;
    %pushi/vec4 2, 0, 2;
    %cmp/u;
    %jmp/1 T_5.4, 6;
    %dup/vec4;
    %pushi/vec4 3, 0, 2;
    %cmp/u;
    %jmp/1 T_5.5, 6;
    %jmp T_5.7;
T_5.2 ;
    %pushi/vec4 0, 0, 3;
    %assign/vec4 v0x13fe3ed50_0, 0;
    %load/vec4 v0x13fe3f0c0_0;
    %pad/u 32;
    %cmpi/e 0, 0, 32;
    %jmp/0xz  T_5.8, 4;
    %pushi/vec4 0, 0, 4;
    %assign/vec4 v0x13fe3f310_0, 0;
T_5.8 ;
    %jmp T_5.7;
T_5.3 ;
    %pushi/vec4 0, 0, 3;
    %assign/vec4 v0x13fe3ed50_0, 0;
    %load/vec4 v0x13fe3ec90_0;
    %flag_set/vec4 8;
    %jmp/0xz  T_5.10, 8;
    %load/vec4 v0x13fe3f310_0;
    %pad/u 32;
    %cmpi/e 7, 0, 32;
    %jmp/0xz  T_5.12, 4;
    %pushi/vec4 0, 0, 4;
    %assign/vec4 v0x13fe3f310_0, 0;
    %jmp T_5.13;
T_5.12 ;
    %load/vec4 v0x13fe3f310_0;
    %addi 1, 0, 4;
    %assign/vec4 v0x13fe3f310_0, 0;
T_5.13 ;
T_5.10 ;
    %jmp T_5.7;
T_5.4 ;
    %load/vec4 v0x13fe3ec90_0;
    %flag_set/vec4 8;
    %jmp/0xz  T_5.14, 8;
    %load/vec4 v0x13fe3f310_0;
    %pad/u 32;
    %cmpi/e 15, 0, 32;
    %jmp/0xz  T_5.16, 4;
    %pushi/vec4 0, 0, 4;
    %assign/vec4 v0x13fe3f310_0, 0;
    %load/vec4 v0x13fe3f0c0_0;
    %load/vec4 v0x13fe3f3c0_0;
    %parti/s 7, 1, 2;
    %concat/vec4; draw_concat_vec4
    %assign/vec4 v0x13fe3f3c0_0, 0;
    %load/vec4 v0x13fe3ed50_0;
    %cmpi/u 7, 0, 3;
    %jmp/0xz  T_5.18, 5;
    %load/vec4 v0x13fe3ed50_0;
    %addi 1, 0, 3;
    %assign/vec4 v0x13fe3ed50_0, 0;
T_5.18 ;
    %jmp T_5.17;
T_5.16 ;
    %load/vec4 v0x13fe3f310_0;
    %addi 1, 0, 4;
    %assign/vec4 v0x13fe3f310_0, 0;
T_5.17 ;
T_5.14 ;
    %jmp T_5.7;
T_5.5 ;
    %load/vec4 v0x13fe3ec90_0;
    %flag_set/vec4 8;
    %jmp/0xz  T_5.20, 8;
    %load/vec4 v0x13fe3f310_0;
    %pad/u 32;
    %cmpi/e 15, 0, 32;
    %jmp/0xz  T_5.22, 4;
    %pushi/vec4 0, 0, 4;
    %assign/vec4 v0x13fe3f310_0, 0;
    %load/vec4 v0x13fe3f0c0_0;
    %pad/u 32;
    %cmpi/e 1, 0, 32;
    %jmp/0xz  T_5.24, 4;
    %load/vec4 v0x13fe3f3c0_0;
    %assign/vec4 v0x13fe3f150_0, 0;
    %pushi/vec4 1, 0, 1;
    %assign/vec4 v0x13fe3f1f0_0, 0;
T_5.24 ;
    %jmp T_5.23;
T_5.22 ;
    %load/vec4 v0x13fe3f310_0;
    %addi 1, 0, 4;
    %assign/vec4 v0x13fe3f310_0, 0;
T_5.23 ;
T_5.20 ;
    %jmp T_5.7;
T_5.7 ;
    %pop/vec4 1;
T_5.1 ;
    %jmp T_5;
    .thread T_5;
    .scope S_0x13fe13cd0;
T_6 ;
    %delay 10000, 0;
    %load/vec4 v0x13fe3fe00_0;
    %inv;
    %store/vec4 v0x13fe3fe00_0, 0, 1;
    %jmp T_6;
    .thread T_6;
    .scope S_0x13fe13cd0;
T_7 ;
    %vpi_call/w 3 27 "$dumpfile", "sim/uart/uart.vcd" {0 0 0};
    %vpi_call/w 3 28 "$dumpvars", 32'sb00000000000000000000000000000000, S_0x13fe13e40 {0 0 0};
    %pushi/vec4 0, 0, 1;
    %store/vec4 v0x13fe3fe00_0, 0, 1;
    %pushi/vec4 1, 0, 1;
    %store/vec4 v0x13fe3fea0_0, 0, 1;
    %pushi/vec4 0, 0, 1;
    %store/vec4 v0x13fe402b0_0, 0, 1;
    %pushi/vec4 0, 0, 8;
    %store/vec4 v0x13fe40110_0, 0, 8;
    %delay 100000, 0;
    %pushi/vec4 0, 0, 1;
    %store/vec4 v0x13fe3fea0_0, 0, 1;
    %delay 200000, 0;
    %wait E_0x13fe07000;
    %pushi/vec4 165, 0, 8;
    %store/vec4 v0x13fe40110_0, 0, 8;
    %pushi/vec4 1, 0, 1;
    %store/vec4 v0x13fe402b0_0, 0, 1;
    %wait E_0x13fe07000;
    %pushi/vec4 0, 0, 1;
    %store/vec4 v0x13fe402b0_0, 0, 1;
    %wait E_0x13fe07f80;
    %wait E_0x13fe068a0;
    %delay 100000, 0;
    %wait E_0x13fe07000;
    %pushi/vec4 59, 0, 8;
    %store/vec4 v0x13fe40110_0, 0, 8;
    %pushi/vec4 1, 0, 1;
    %store/vec4 v0x13fe402b0_0, 0, 1;
    %wait E_0x13fe07000;
    %pushi/vec4 0, 0, 1;
    %store/vec4 v0x13fe402b0_0, 0, 1;
    %wait E_0x13fe07f80;
    %wait E_0x13fe068a0;
    %delay 100000, 0;
    %wait E_0x13fe07000;
    %pushi/vec4 66, 0, 8;
    %store/vec4 v0x13fe40110_0, 0, 8;
    %pushi/vec4 1, 0, 1;
    %store/vec4 v0x13fe402b0_0, 0, 1;
    %wait E_0x13fe07000;
    %pushi/vec4 0, 0, 1;
    %store/vec4 v0x13fe402b0_0, 0, 1;
    %wait E_0x13fe07f80;
    %wait E_0x13fe068a0;
    %delay 100000, 0;
    %wait E_0x13fe07000;
    %pushi/vec4 51, 0, 8;
    %store/vec4 v0x13fe40110_0, 0, 8;
    %pushi/vec4 1, 0, 1;
    %store/vec4 v0x13fe402b0_0, 0, 1;
    %wait E_0x13fe07000;
    %pushi/vec4 0, 0, 1;
    %store/vec4 v0x13fe402b0_0, 0, 1;
    %wait E_0x13fe07f80;
    %wait E_0x13fe068a0;
    %delay 100000, 0;
    %delay 5000000, 0;
    %vpi_call/w 3 84 "$finish" {0 0 0};
    %end;
    .thread T_7;
    .scope S_0x13fe13cd0;
T_8 ;
    %wait E_0x13fe07f80;
    %vpi_call/w 3 89 "$display", "[%0t ns] Loopback captured byte: %h", $time, v0x13fe3ff30_0 {0 0 0};
    %jmp T_8;
    .thread T_8;
# The file index is used to find the file name in the following table.
:file_names 8;
    "N/A";
    "<interactive>";
    "-";
    "tb/uart_tb.sv";
    "rtl/uart.sv";
    "rtl/baud_gen.sv";
    "rtl/tx.sv";
    "rtl/rx.sv";
