#! /opt/homebrew/Cellar/icarus-verilog/12.0/bin/vvp
:ivl_version "12.0 (stable)";
:ivl_delay_selection "TYPICAL";
:vpi_time_precision - 12;
:vpi_module "/opt/homebrew/Cellar/icarus-verilog/12.0/lib/ivl/system.vpi";
:vpi_module "/opt/homebrew/Cellar/icarus-verilog/12.0/lib/ivl/vhdl_sys.vpi";
:vpi_module "/opt/homebrew/Cellar/icarus-verilog/12.0/lib/ivl/vhdl_textio.vpi";
:vpi_module "/opt/homebrew/Cellar/icarus-verilog/12.0/lib/ivl/v2005_math.vpi";
:vpi_module "/opt/homebrew/Cellar/icarus-verilog/12.0/lib/ivl/va_math.vpi";
:vpi_module "/opt/homebrew/Cellar/icarus-verilog/12.0/lib/ivl/v2009.vpi";
S_0x14480b8d0 .scope package, "$unit" "$unit" 2 1;
 .timescale 0 0;
S_0x14480ba40 .scope module, "tx_tb_top" "tx_tb_top" 3 2;
 .timescale -9 -12;
v0x144822850_0 .net "baud_tick_tb", 0 0, v0x14480f760_0;  1 drivers
v0x1448228f0_0 .net "busy_tb", 0 0, v0x144822150_0;  1 drivers
v0x144822990_0 .var "clk_tb", 0 0;
v0x144822a80_0 .var "rst_tb", 0 0;
v0x144822b50_0 .var "tx_data_tb", 7 0;
v0x144822c20_0 .net "tx_done_tb", 0 0, v0x144822690_0;  1 drivers
v0x144822cb0_0 .var "tx_start_tb", 0 0;
v0x144822d40_0 .net "tx_tb", 0 0, v0x1448224c0_0;  1 drivers
E_0x14480cf00 .event posedge, v0x144822690_0;
E_0x14480d660 .event posedge, v0x144821940_0;
S_0x1448051a0 .scope module, "UUT1" "baud_gen" 3 17, 4 6 0, S_0x14480ba40;
 .timescale -9 -12;
    .port_info 0 /INPUT 1 "clk";
    .port_info 1 /INPUT 1 "rst";
    .port_info 2 /OUTPUT 1 "baud_tick";
P_0x144805310 .param/l "BAUD_RATE" 0 4 8, +C4<00000000000000011100001000000000>;
P_0x144805350 .param/l "CLK_FREQ" 0 4 7, +C4<00000010111110101111000010000000>;
P_0x144805390 .param/l "DIV" 1 4 18, +C4<00000000000000000000000110110010>;
P_0x1448053d0 .param/l "OVERSAMPLE" 0 4 9, +C4<00000000000000000000000000000001>;
v0x14480f760_0 .var "baud_tick", 0 0;
v0x144821940_0 .net "clk", 0 0, v0x144822990_0;  1 drivers
v0x1448219e0_0 .var "counter", 8 0;
v0x144821a70_0 .net "rst", 0 0, v0x144822a80_0;  1 drivers
E_0x14480c880 .event posedge, v0x144821a70_0, v0x144821940_0;
S_0x144821b10 .scope module, "UUT2" "tx" 3 23, 5 3 0, S_0x14480ba40;
 .timescale -9 -12;
    .port_info 0 /INPUT 1 "clk";
    .port_info 1 /INPUT 1 "rst";
    .port_info 2 /INPUT 1 "baud_tick";
    .port_info 3 /INPUT 1 "tx_start";
    .port_info 4 /INPUT 8 "tx_data";
    .port_info 5 /OUTPUT 1 "tx";
    .port_info 6 /OUTPUT 1 "tx_done";
    .port_info 7 /OUTPUT 1 "busy";
P_0x144821ce0 .param/l "DATA" 1 5 18, C4<10>;
P_0x144821d20 .param/l "IDLE" 1 5 16, C4<00>;
P_0x144821d60 .param/l "START" 1 5 17, C4<01>;
P_0x144821da0 .param/l "STOP" 1 5 19, C4<11>;
v0x144822000_0 .net "baud_tick", 0 0, v0x14480f760_0;  alias, 1 drivers
v0x1448220b0_0 .var "bit_index", 2 0;
v0x144822150_0 .var "busy", 0 0;
v0x144822200_0 .net "clk", 0 0, v0x144822990_0;  alias, 1 drivers
v0x1448222b0_0 .net "rst", 0 0, v0x144822a80_0;  alias, 1 drivers
v0x144822380_0 .var "shift_reg", 7 0;
v0x144822410_0 .var "state", 1 0;
v0x1448224c0_0 .var "tx", 0 0;
v0x144822560_0 .net "tx_data", 7 0, v0x144822b50_0;  1 drivers
v0x144822690_0 .var "tx_done", 0 0;
v0x144822730_0 .net "tx_start", 0 0, v0x144822cb0_0;  1 drivers
    .scope S_0x1448051a0;
T_0 ;
    %wait E_0x14480c880;
    %load/vec4 v0x144821a70_0;
    %flag_set/vec4 8;
    %jmp/0xz  T_0.0, 8;
    %pushi/vec4 0, 0, 9;
    %assign/vec4 v0x1448219e0_0, 0;
    %pushi/vec4 0, 0, 1;
    %assign/vec4 v0x14480f760_0, 0;
    %jmp T_0.1;
T_0.0 ;
    %load/vec4 v0x1448219e0_0;
    %pad/u 32;
    %cmpi/e 433, 0, 32;
    %jmp/0xz  T_0.2, 4;
    %pushi/vec4 0, 0, 9;
    %assign/vec4 v0x1448219e0_0, 0;
    %pushi/vec4 1, 0, 1;
    %assign/vec4 v0x14480f760_0, 0;
    %jmp T_0.3;
T_0.2 ;
    %load/vec4 v0x1448219e0_0;
    %addi 1, 0, 9;
    %assign/vec4 v0x1448219e0_0, 0;
    %pushi/vec4 0, 0, 1;
    %assign/vec4 v0x14480f760_0, 0;
T_0.3 ;
T_0.1 ;
    %jmp T_0;
    .thread T_0;
    .scope S_0x144821b10;
T_1 ;
    %wait E_0x14480c880;
    %load/vec4 v0x1448222b0_0;
    %flag_set/vec4 8;
    %jmp/0xz  T_1.0, 8;
    %pushi/vec4 0, 0, 2;
    %assign/vec4 v0x144822410_0, 0;
    %pushi/vec4 1, 0, 1;
    %assign/vec4 v0x1448224c0_0, 0;
    %pushi/vec4 0, 0, 1;
    %assign/vec4 v0x144822690_0, 0;
    %pushi/vec4 0, 0, 1;
    %assign/vec4 v0x144822150_0, 0;
    %pushi/vec4 0, 0, 8;
    %assign/vec4 v0x144822380_0, 0;
    %pushi/vec4 0, 0, 3;
    %assign/vec4 v0x1448220b0_0, 0;
    %jmp T_1.1;
T_1.0 ;
    %pushi/vec4 0, 0, 1;
    %assign/vec4 v0x144822690_0, 0;
    %load/vec4 v0x144822410_0;
    %dup/vec4;
    %pushi/vec4 0, 0, 2;
    %cmp/u;
    %jmp/1 T_1.2, 6;
    %dup/vec4;
    %pushi/vec4 1, 0, 2;
    %cmp/u;
    %jmp/1 T_1.3, 6;
    %dup/vec4;
    %pushi/vec4 2, 0, 2;
    %cmp/u;
    %jmp/1 T_1.4, 6;
    %dup/vec4;
    %pushi/vec4 3, 0, 2;
    %cmp/u;
    %jmp/1 T_1.5, 6;
    %pushi/vec4 0, 0, 2;
    %assign/vec4 v0x144822410_0, 0;
    %jmp T_1.7;
T_1.2 ;
    %pushi/vec4 1, 0, 1;
    %assign/vec4 v0x1448224c0_0, 0;
    %pushi/vec4 0, 0, 1;
    %assign/vec4 v0x144822150_0, 0;
    %load/vec4 v0x144822730_0;
    %flag_set/vec4 8;
    %jmp/0xz  T_1.8, 8;
    %load/vec4 v0x144822560_0;
    %assign/vec4 v0x144822380_0, 0;
    %pushi/vec4 0, 0, 3;
    %assign/vec4 v0x1448220b0_0, 0;
    %pushi/vec4 1, 0, 1;
    %assign/vec4 v0x144822150_0, 0;
    %pushi/vec4 1, 0, 2;
    %assign/vec4 v0x144822410_0, 0;
T_1.8 ;
    %jmp T_1.7;
T_1.3 ;
    %pushi/vec4 0, 0, 1;
    %assign/vec4 v0x1448224c0_0, 0;
    %load/vec4 v0x144822000_0;
    %flag_set/vec4 8;
    %jmp/0xz  T_1.10, 8;
    %pushi/vec4 2, 0, 2;
    %assign/vec4 v0x144822410_0, 0;
T_1.10 ;
    %jmp T_1.7;
T_1.4 ;
    %load/vec4 v0x144822380_0;
    %load/vec4 v0x1448220b0_0;
    %part/u 1;
    %assign/vec4 v0x1448224c0_0, 0;
    %load/vec4 v0x144822000_0;
    %flag_set/vec4 8;
    %jmp/0xz  T_1.12, 8;
    %load/vec4 v0x1448220b0_0;
    %cmpi/e 7, 0, 3;
    %jmp/0xz  T_1.14, 4;
    %pushi/vec4 3, 0, 2;
    %assign/vec4 v0x144822410_0, 0;
    %jmp T_1.15;
T_1.14 ;
    %load/vec4 v0x1448220b0_0;
    %addi 1, 0, 3;
    %assign/vec4 v0x1448220b0_0, 0;
T_1.15 ;
T_1.12 ;
    %jmp T_1.7;
T_1.5 ;
    %pushi/vec4 1, 0, 1;
    %assign/vec4 v0x1448224c0_0, 0;
    %load/vec4 v0x144822000_0;
    %flag_set/vec4 8;
    %jmp/0xz  T_1.16, 8;
    %pushi/vec4 1, 0, 1;
    %assign/vec4 v0x144822690_0, 0;
    %pushi/vec4 0, 0, 1;
    %assign/vec4 v0x144822150_0, 0;
    %pushi/vec4 0, 0, 2;
    %assign/vec4 v0x144822410_0, 0;
T_1.16 ;
    %jmp T_1.7;
T_1.7 ;
    %pop/vec4 1;
T_1.1 ;
    %jmp T_1;
    .thread T_1;
    .scope S_0x14480ba40;
T_2 ;
    %delay 10000, 0;
    %load/vec4 v0x144822990_0;
    %inv;
    %store/vec4 v0x144822990_0, 0, 1;
    %jmp T_2;
    .thread T_2;
    .scope S_0x14480ba40;
T_3 ;
    %vpi_call/w 3 37 "$dumpfile", "sim/tx/tx.vcd" {0 0 0};
    %vpi_call/w 3 38 "$dumpvars", 32'sb00000000000000000000000000000000, S_0x14480ba40 {0 0 0};
    %pushi/vec4 0, 0, 1;
    %store/vec4 v0x144822990_0, 0, 1;
    %pushi/vec4 1, 0, 1;
    %store/vec4 v0x144822a80_0, 0, 1;
    %pushi/vec4 0, 0, 1;
    %store/vec4 v0x144822cb0_0, 0, 1;
    %pushi/vec4 0, 0, 8;
    %store/vec4 v0x144822b50_0, 0, 8;
    %delay 100000, 0;
    %pushi/vec4 0, 0, 1;
    %store/vec4 v0x144822a80_0, 0, 1;
    %delay 40000, 0;
    %wait E_0x14480d660;
    %pushi/vec4 165, 0, 8;
    %store/vec4 v0x144822b50_0, 0, 8;
    %pushi/vec4 1, 0, 1;
    %store/vec4 v0x144822cb0_0, 0, 1;
    %wait E_0x14480d660;
    %pushi/vec4 0, 0, 1;
    %store/vec4 v0x144822cb0_0, 0, 1;
    %wait E_0x14480cf00;
    %vpi_call/w 3 59 "$display", "A5 successfully transmitted" {0 0 0};
    %wait E_0x14480d660;
    %pushi/vec4 60, 0, 8;
    %store/vec4 v0x144822b50_0, 0, 8;
    %pushi/vec4 1, 0, 1;
    %store/vec4 v0x144822cb0_0, 0, 1;
    %wait E_0x14480d660;
    %pushi/vec4 0, 0, 1;
    %store/vec4 v0x144822cb0_0, 0, 1;
    %wait E_0x14480cf00;
    %vpi_call/w 3 70 "$display", "3C successfully transmitted" {0 0 0};
    %vpi_call/w 3 71 "$finish" {0 0 0};
    %end;
    .thread T_3;
# The file index is used to find the file name in the following table.
:file_names 6;
    "N/A";
    "<interactive>";
    "-";
    "tb/tx_tb.sv";
    "rtl/baud_gen.sv";
    "rtl/tx.sv";
