Startpoint: UUT4/_670_ (rising edge-triggered flip-flop clocked by clk)
Endpoint: UUT4/_670_ (rising edge-triggered flip-flop clocked by clk)
Path Group: clk
Path Type: min

  Delay    Time   Description
---------------------------------------------------------
   0.00    0.00   clock clk (rise edge)
   0.00    0.00   clock network delay (ideal)
   0.00    0.00 ^ UUT4/_670_/CLK (sky130_fd_sc_hd__dfrtp_1)
   0.29    0.29 ^ UUT4/_670_/Q (sky130_fd_sc_hd__dfrtp_1)
   0.11    0.39 ^ UUT4/_622_/X (sky130_fd_sc_hd__mux2_1)
   0.00    0.39 ^ UUT4/_670_/D (sky130_fd_sc_hd__dfrtp_1)
           0.39   data arrival time

   0.00    0.00   clock clk (rise edge)
   0.00    0.00   clock network delay (ideal)
   0.00    0.00   clock reconvergence pessimism
           0.00 ^ UUT4/_670_/CLK (sky130_fd_sc_hd__dfrtp_1)
  -0.04   -0.04   library hold time
          -0.04   data required time
---------------------------------------------------------
          -0.04   data required time
          -0.39   data arrival time
---------------------------------------------------------
           0.43   slack (MET)


