Startpoint: UUT4/_661_ (rising edge-triggered flip-flop clocked by clk)
Endpoint: UUT4/_685_ (rising edge-triggered flip-flop clocked by clk)
Path Group: clk
Path Type: max

  Delay    Time   Description
---------------------------------------------------------
   0.00    0.00   clock clk (rise edge)
   0.00    0.00   clock network delay (ideal)
   0.00    0.00 ^ UUT4/_661_/CLK (sky130_fd_sc_hd__dfrtp_1)
   0.35    0.35 ^ UUT4/_661_/Q (sky130_fd_sc_hd__dfrtp_1)
   0.15    0.50 v UUT4/_584_/Y (sky130_fd_sc_hd__nand3_1)
   1.32    1.82 ^ UUT4/_587_/Y (sky130_fd_sc_hd__nor4b_1)
   0.38    2.20 v UUT4/_588_/X (sky130_fd_sc_hd__mux2_1)
   0.00    2.20 v UUT4/_685_/D (sky130_fd_sc_hd__dfrtp_1)
           2.20   data arrival time

  10.00   10.00   clock clk (rise edge)
   0.00   10.00   clock network delay (ideal)
   0.00   10.00   clock reconvergence pessimism
          10.00 ^ UUT4/_685_/CLK (sky130_fd_sc_hd__dfrtp_1)
  -0.13    9.87   library setup time
           9.87   data required time
---------------------------------------------------------
           9.87   data required time
          -2.20   data arrival time
---------------------------------------------------------
           7.67   slack (MET)


