#! /usr/bin/vvp
:ivl_version "12.0 (stable)";
:ivl_delay_selection "TYPICAL";
:vpi_time_precision - 12;
:vpi_module "/usr/lib/aarch64-linux-gnu/ivl/system.vpi";
:vpi_module "/usr/lib/aarch64-linux-gnu/ivl/vhdl_sys.vpi";
:vpi_module "/usr/lib/aarch64-linux-gnu/ivl/vhdl_textio.vpi";
:vpi_module "/usr/lib/aarch64-linux-gnu/ivl/v2005_math.vpi";
:vpi_module "/usr/lib/aarch64-linux-gnu/ivl/va_math.vpi";
:vpi_module "/usr/lib/aarch64-linux-gnu/ivl/v2009.vpi";
S_0xb1b8f1d5f0e0 .scope package, "$unit" "$unit" 2 1;
 .timescale 0 0;
S_0xb1b8f1d5f270 .scope module, "baud_gen_tb" "baud_gen_tb" 3 2;
 .timescale -9 -12;
v0xb1b8f1d73350_0 .net "baud_tick", 0 0, v0xb1b8f1d5f400_0;  1 drivers
v0xb1b8f1d73420_0 .var "clk", 0 0;
v0xb1b8f1d734f0_0 .var "rst", 0 0;
S_0xb1b8f1d23670 .scope module, "DUT1" "baud_gen" 3 10, 4 2 0, S_0xb1b8f1d5f270;
 .timescale -9 -12;
    .port_info 0 /INPUT 1 "clk";
    .port_info 1 /INPUT 1 "rst";
    .port_info 2 /OUTPUT 1 "baud_tick";
P_0xb1b8f1d48480 .param/l "BAUD_RATE" 0 4 4, +C4<00000000000000000010010110000000>;
P_0xb1b8f1d484c0 .param/l "CLK_FREQ" 0 4 3, +C4<00000010111110101111000010000000>;
P_0xb1b8f1d48500 .param/l "DIV" 1 4 11, +C4<0000000000000000000000000000000000000000000000000000000101000101>;
P_0xb1b8f1d48540 .param/l "NUM" 1 4 12, +C4<00000000000000000000000000001001>;
v0xb1b8f1d5f400_0 .var "baud_tick", 0 0;
v0xb1b8f1d73060_0 .net "clk", 0 0, v0xb1b8f1d73420_0;  1 drivers
v0xb1b8f1d73120_0 .var "count", 0 8;
v0xb1b8f1d73210_0 .net "rst", 0 0, v0xb1b8f1d734f0_0;  1 drivers
E_0xb1b8f1d5c5f0 .event posedge, v0xb1b8f1d73060_0;
    .scope S_0xb1b8f1d23670;
T_0 ;
    %pushi/vec4 0, 0, 9;
    %store/vec4 v0xb1b8f1d73120_0, 0, 9;
    %end;
    .thread T_0, $init;
    .scope S_0xb1b8f1d23670;
T_1 ;
    %wait E_0xb1b8f1d5c5f0;
    %load/vec4 v0xb1b8f1d73210_0;
    %flag_set/vec4 8;
    %jmp/0xz  T_1.0, 8;
    %pushi/vec4 0, 0, 9;
    %assign/vec4 v0xb1b8f1d73120_0, 0;
    %jmp T_1.1;
T_1.0 ;
    %load/vec4 v0xb1b8f1d73120_0;
    %pad/u 32;
    %cmpi/e 325, 0, 32;
    %jmp/0xz  T_1.2, 4;
    %pushi/vec4 0, 0, 9;
    %assign/vec4 v0xb1b8f1d73120_0, 0;
    %jmp T_1.3;
T_1.2 ;
    ; show_stmt_assign_vector: Get l-value for compressed += operand
    %load/vec4 v0xb1b8f1d73120_0;
    %pushi/vec4 1, 0, 9;
    %add;
    %store/vec4 v0xb1b8f1d73120_0, 0, 9;
T_1.3 ;
T_1.1 ;
    %load/vec4 v0xb1b8f1d73120_0;
    %pad/u 32;
    %cmpi/e 325, 0, 32;
    %jmp/0xz  T_1.4, 4;
    %pushi/vec4 1, 0, 1;
    %store/vec4 v0xb1b8f1d5f400_0, 0, 1;
    %jmp T_1.5;
T_1.4 ;
    %pushi/vec4 0, 0, 1;
    %store/vec4 v0xb1b8f1d5f400_0, 0, 1;
T_1.5 ;
    %jmp T_1;
    .thread T_1;
    .scope S_0xb1b8f1d5f270;
T_2 ;
    %pushi/vec4 0, 0, 1;
    %store/vec4 v0xb1b8f1d73420_0, 0, 1;
    %end;
    .thread T_2;
    .scope S_0xb1b8f1d5f270;
T_3 ;
    %delay 10000, 0;
    %load/vec4 v0xb1b8f1d73420_0;
    %inv;
    %store/vec4 v0xb1b8f1d73420_0, 0, 1;
    %jmp T_3;
    .thread T_3;
    .scope S_0xb1b8f1d5f270;
T_4 ;
    %vpi_call/w 3 18 "$dumpfile", "sim/baud_gen/sim.vcd" {0 0 0};
    %vpi_call/w 3 19 "$dumpvars", 32'sb00000000000000000000000000000000, S_0xb1b8f1d5f270 {0 0 0};
    %pushi/vec4 1, 0, 1;
    %store/vec4 v0xb1b8f1d734f0_0, 0, 1;
    %delay 20000, 0;
    %pushi/vec4 0, 0, 1;
    %store/vec4 v0xb1b8f1d734f0_0, 0, 1;
    %delay 60000000, 0;
    %vpi_call/w 3 24 "$finish" {0 0 0};
    %end;
    .thread T_4;
# The file index is used to find the file name in the following table.
:file_names 5;
    "N/A";
    "<interactive>";
    "-";
    "tb/baud_gen_tb.sv";
    "rtl/baud_gen.sv";
